<?xml version="1.0" encoding="UTF-8"?>
<!-- Generated by org.testng.reporters.JUnitReportReporter -->
<testsuite ignored="1" hostname="Sasi" failures="0" tests="2" name="com.pasitiveFlow.Login_LogOut" time="13.613" errors="0" timestamp="18 Dec 2021 05:12:43 GMT" skipped="0">
  <testcase classname="com.pasitiveFlow.Login_LogOut" name="verifyLeaveTab" time="5.662"/>
  <testcase classname="com.pasitiveFlow.Login_LogOut" name="verifyAdminTab" time="7.951"/>
  <testcase classname="com.pasitiveFlow.Login_LogOut" name="verifyLoginLogout">
    <skipped/>
  </testcase> <!-- verifyLoginLogout -->
</testsuite> <!-- com.pasitiveFlow.Login_LogOut -->
